<?xml version="1.0" encoding="UTF-8"?>
<testng-results skipped="0" failed="0" ignored="0" total="2" passed="2">
  <reporter-output>
  </reporter-output>
  <suite name="Default suite" duration-ms="6032" started-at="2018-02-25T23:39:46Z" finished-at="2018-02-25T23:39:52Z">
    <groups>
    </groups>
    <test name="Default test" duration-ms="6032" started-at="2018-02-25T23:39:46Z" finished-at="2018-02-25T23:39:52Z">
      <class name="com.Weight.watchers.FoodAndServingsTest">
        <test-method status="PASS" signature="setup()[pri:0, instance:com.Weight.watchers.FoodAndServingsTest@ae45eb6]" name="setup" is-config="true" duration-ms="5711" started-at="2018-02-25T18:39:46Z" finished-at="2018-02-25T18:39:51Z">
          <reporter-output>
          </reporter-output>
        </test-method> <!-- setup -->
        <test-method status="PASS" signature="foodItems()[pri:0, instance:com.Weight.watchers.FoodAndServingsTest@ae45eb6]" name="foodItems" duration-ms="91" started-at="2018-02-25T18:39:51Z" finished-at="2018-02-25T18:39:52Z">
          <reporter-output>
          </reporter-output>
        </test-method> <!-- foodItems -->
        <test-method status="PASS" signature="foodServings()[pri:0, instance:com.Weight.watchers.FoodAndServingsTest@ae45eb6]" name="foodServings" duration-ms="199" started-at="2018-02-25T18:39:52Z" finished-at="2018-02-25T18:39:52Z">
          <reporter-output>
          </reporter-output>
        </test-method> <!-- foodServings -->
      </class> <!-- com.Weight.watchers.FoodAndServingsTest -->
    </test> <!-- Default test -->
  </suite> <!-- Default suite -->
</testng-results>
